Build started 9/7/2012 4:37:37 PM.
     1>Project "C:\Users\David\Documents\Extra\C++ Stuff\Current\Problem Solver\Problem Solver\Problem Solver.vcxproj" on node 2 (build target(s)).
     1>InitializeBuildStatus:
         Creating "Debug\Problem Solver.unsuccessfulbuild" because "AlwaysCreate" was specified.
       ClCompile:
         c:\Program Files (x86)\Microsoft Visual Studio 10.0\VC\bin\CL.exe /c /ZI /nologo /W3 /WX- /Od /Oy- /D WIN32 /D _DEBUG /D _CONSOLE /D _UNICODE /D UNICODE /Gm /EHsc /RTC1 /MDd /GS /fp:precise /Zc:wchar_t /Zc:forScope /Fo"Debug\\" /Fd"Debug\vc100.pdb" /Gd /TP /analyze- /errorReport:prompt source.cpp
         source.cpp
     1>c:\users\david\documents\extra\c++ stuff\current\problem solver\problem solver\source.cpp(38): warning C4244: 'argument' : conversion from 'time_t' to 'unsigned int', possible loss of data
       ManifestResourceCompile:
         All outputs are up-to-date.
       Link:
         c:\Program Files (x86)\Microsoft Visual Studio 10.0\VC\bin\link.exe /ERRORREPORT:PROMPT /OUT:"C:\Users\David\Documents\Extra\C++ Stuff\Current\Problem Solver\Debug\Problem Solver.exe" /INCREMENTAL /NOLOGO kernel32.lib user32.lib gdi32.lib winspool.lib comdlg32.lib advapi32.lib shell32.lib ole32.lib oleaut32.lib uuid.lib odbc32.lib odbccp32.lib /MANIFEST /ManifestFile:"Debug\Problem Solver.exe.intermediate.manifest" /MANIFESTUAC:"level='asInvoker' uiAccess='false'" /DEBUG /PDB:"C:\Users\David\Documents\Extra\C++ Stuff\Current\Problem Solver\Debug\Problem Solver.pdb" /SUBSYSTEM:CONSOLE /TLBID:1 /DYNAMICBASE /NXCOMPAT /IMPLIB:"C:\Users\David\Documents\Extra\C++ Stuff\Current\Problem Solver\Debug\Problem Solver.lib" /MACHINE:X86 "Debug\Problem Solver.exe.embed.manifest.res"
         Debug\source.obj
       Manifest:
         c:\Program Files (x86)\Microsoft SDKs\Windows\v7.0A\bin\mt.exe /nologo /verbose /out:"Debug\Problem Solver.exe.embed.manifest" /manifest "Debug\Problem Solver.exe.intermediate.manifest"
         All outputs are up-to-date.
       LinkEmbedManifest:
         All outputs are up-to-date.
         Problem Solver.vcxproj -> C:\Users\David\Documents\Extra\C++ Stuff\Current\Problem Solver\Debug\Problem Solver.exe
       FinalizeBuildStatus:
         Deleting file "Debug\Problem Solver.unsuccessfulbuild".
         Touching "Debug\Problem Solver.lastbuildstate".
     1>Done Building Project "C:\Users\David\Documents\Extra\C++ Stuff\Current\Problem Solver\Problem Solver\Problem Solver.vcxproj" (build target(s)).

Build succeeded.

Time Elapsed 00:00:01.62
